<?xml version="1.0" encoding="UTF-8"?>
<!-- Generated by org.testng.reporters.JUnitReportReporter -->
<testsuite hostname="EPUALVIW0848" name="com.meteogrup.infrastructure.ApiRequestHandlerTest" tests="1" failures="0" timestamp="20 Oct 2017 10:38:31 GMT" time="2.946" errors="0">
  <testcase name="test_handleRequest" time="2.946" classname="com.meteogrup.infrastructure.ApiRequestHandlerTest"/>
</testsuite> <!-- com.meteogrup.infrastructure.ApiRequestHandlerTest -->
